2022.07.18 09:09:33 INFO  tracing is disabled for protocol LSP, to enable tracing of incoming and outgoing JSON messages create an empty file at g:\2nd Year\SCS2204 Functional Programming\Prc\Tutorial_3\2\.metals\lsp.trace.json or C:\Users\DELL™\AppData\Local\scalameta\metals\cache\lsp.trace.json
2022.07.18 09:09:53 INFO  logging to file G:\2nd Year\SCS2204 Functional Programming\Prc\Tutorial_3\2\.metals\metals.log
2022.07.18 09:09:53 INFO  Started: Metals version 0.11.7+19-1405f4de-SNAPSHOT in workspace 'G:\2nd Year\SCS2204 Functional Programming\Prc\Tutorial_3\2' for client Visual Studio Code 1.69.1.
2022.07.18 09:10:10 INFO  time: initialize in 17s
2022.07.18 09:10:14 WARN  Flyway upgrade recommended: H2 2.1.214 is newer than this version of Flyway and support has not been tested. The latest supported version of H2 is 2.1.210.
2022.07.18 09:10:15 WARN  Build server is not auto-connectable.
2022.07.18 09:10:15 WARN  no build tool detected in workspace 'G:\2nd Year\SCS2204 Functional Programming\Prc\Tutorial_3\2'. The most common cause for this problem is that the editor was opened in the wrong working directory, for example if you use sbt then the workspace directory should contain build.sbt. 
2022.07.18 09:10:18 WARN  no build target for: G:\2nd Year\SCS2204 Functional Programming\Prc\Tutorial_3\2\Q1.scala
2022.07.18 09:10:35 INFO  no build target found for G:\2nd Year\SCS2204 Functional Programming\Prc\Tutorial_3\2\Q1.scala. Using presentation compiler with project's scala-library version: 3.1.3
2022.07.18 09:10:50 INFO  time: code lens generation in 27s
2022.07.18 09:10:50 INFO  time: code lens generation in 27s
2022.07.18 09:11:05 WARN  no build target for: G:\2nd Year\SCS2204 Functional Programming\Prc\Tutorial_3\2\Q2.scala
2022.07.18 09:11:23 WARN  no build target for: G:\2nd Year\SCS2204 Functional Programming\Prc\Tutorial_3\2\Q2.scala
Jul 18, 2022 9:12:36 AM org.eclipse.lsp4j.jsonrpc.RemoteEndpoint handleCancellation
WARNING: Unmatched cancel notification for request id 49
2022.07.18 09:12:46 WARN  no build target for: G:\2nd Year\SCS2204 Functional Programming\Prc\Tutorial_3\2\Q2.scala
2022.07.18 09:14:03 INFO  time: code lens generation in 1.58s
2022.07.18 09:14:35 WARN  no build target for: G:\2nd Year\SCS2204 Functional Programming\Prc\Tutorial_3\2\Q2.scala
2022.07.18 09:15:26 WARN  no build target for: G:\2nd Year\SCS2204 Functional Programming\Prc\Tutorial_3\2\Q3.scala
Jul 18, 2022 9:15:38 AM org.eclipse.lsp4j.jsonrpc.RemoteEndpoint handleCancellation
WARNING: Unmatched cancel notification for request id 289
2022.07.18 09:19:04 WARN  no build target for: G:\2nd Year\SCS2204 Functional Programming\Prc\Tutorial_3\2\Q3.scala
2022.07.18 09:19:45 WARN  no build target for: G:\2nd Year\SCS2204 Functional Programming\Prc\Tutorial_3\2\Q3.scala
Jul 18, 2022 9:24:59 AM org.eclipse.lsp4j.jsonrpc.RemoteEndpoint handleCancellation
WARNING: Unmatched cancel notification for request id 627
2022.07.18 09:25:15 WARN  no build target for: G:\2nd Year\SCS2204 Functional Programming\Prc\Tutorial_3\2\Q3.scala
2022.07.18 09:26:13 WARN  no build target for: G:\2nd Year\SCS2204 Functional Programming\Prc\Tutorial_3\2\Q3.scala
2022.07.18 09:26:49 WARN  no build target for: G:\2nd Year\SCS2204 Functional Programming\Prc\Tutorial_3\2\Q3.scala
2022.07.18 09:26:56 WARN  no build target for: G:\2nd Year\SCS2204 Functional Programming\Prc\Tutorial_3\2\Q3.scala
2022.07.18 09:27:29 WARN  no build target for: G:\2nd Year\SCS2204 Functional Programming\Prc\Tutorial_3\2\Q3.scala
2022.07.18 09:27:48 WARN  no build target for: G:\2nd Year\SCS2204 Functional Programming\Prc\Tutorial_3\2\Q3.scala
2022.07.18 09:29:20 WARN  no build target for: G:\2nd Year\SCS2204 Functional Programming\Prc\Tutorial_3\2\Q3.scala
Jul 18, 2022 9:29:58 AM org.eclipse.lsp4j.jsonrpc.RemoteEndpoint handleCancellation
WARNING: Unmatched cancel notification for request id 797
2022.07.18 09:33:18 WARN  no build target for: G:\2nd Year\SCS2204 Functional Programming\Prc\Tutorial_3\2\Q3.scala
2022.07.18 09:34:59 WARN  no build target for: G:\2nd Year\SCS2204 Functional Programming\Prc\Tutorial_3\2\Q3.scala
2022.07.18 09:36:05 WARN  no build target for: G:\2nd Year\SCS2204 Functional Programming\Prc\Tutorial_3\2\Q3.scala
2022.07.18 09:37:43 WARN  no build target for: G:\2nd Year\SCS2204 Functional Programming\Prc\Tutorial_3\2\Q3.scala
2022.07.18 09:38:31 WARN  no build target for: G:\2nd Year\SCS2204 Functional Programming\Prc\Tutorial_3\2\Q3.scala
2022.07.18 09:38:41 WARN  no build target for: G:\2nd Year\SCS2204 Functional Programming\Prc\Tutorial_3\2\Q4.scala
2022.07.18 09:43:14 WARN  no build target for: G:\2nd Year\SCS2204 Functional Programming\Prc\Tutorial_3\2\Q4.scala
2022.07.18 09:50:24 WARN  no build target for: G:\2nd Year\SCS2204 Functional Programming\Prc\Tutorial_3\2\Q4.scala
2022.07.18 09:51:01 WARN  no build target for: G:\2nd Year\SCS2204 Functional Programming\Prc\Tutorial_3\2\Q4.scala
2022.07.18 09:51:05 WARN  no build target for: G:\2nd Year\SCS2204 Functional Programming\Prc\Tutorial_3\2\Q4.scala
2022.07.18 09:51:59 WARN  no build target for: G:\2nd Year\SCS2204 Functional Programming\Prc\Tutorial_3\2\Q4.scala
2022.07.18 09:52:45 WARN  no build target for: G:\2nd Year\SCS2204 Functional Programming\Prc\Tutorial_3\2\Q4.scala
2022.07.18 09:52:53 WARN  no build target for: G:\2nd Year\SCS2204 Functional Programming\Prc\Tutorial_3\2\Q5.scala
2022.07.18 09:53:18 WARN  no build target for: G:\2nd Year\SCS2204 Functional Programming\Prc\Tutorial_3\2\Q5.scala
2022.07.18 09:56:54 WARN  no build target for: G:\2nd Year\SCS2204 Functional Programming\Prc\Tutorial_3\2\Q5.scala
2022.07.18 10:06:53 WARN  no build target for: G:\2nd Year\SCS2204 Functional Programming\Prc\Tutorial_3\2\Q5.scala
2022.07.18 10:07:21 WARN  no build target for: G:\2nd Year\SCS2204 Functional Programming\Prc\Tutorial_3\2\Q5.scala
2022.07.18 10:08:17 WARN  no build target for: G:\2nd Year\SCS2204 Functional Programming\Prc\Tutorial_3\2\Q5.scala
2022.07.18 10:08:22 INFO  shutting down Metals
